<?xml version="1.0" encoding="UTF-8"?>
<!-- Generated by org.testng.reporters.JUnitXMLReporter -->
<testsuite hostname="DESKTOP-TG3D4HK" ignored="0" name="Default test" tests="6" failures="0" timestamp="2021-10-05T12:38:33 IST" time="42.981" errors="0">
  <testcase name="home_page" time="13.042" classname="org.TestNG_Runner.TestNG_Runner"/>
  <testcase name="search_hotel" time="6.895" classname="org.TestNG_Runner.TestNG_Runner"/>
  <testcase name="select_hotel" time="2.12" classname="org.TestNG_Runner.TestNG_Runner"/>
  <testcase name="booK_hotel" time="5.13" classname="org.TestNG_Runner.TestNG_Runner"/>
  <testcase name="book_confirm" time="12.124" classname="org.TestNG_Runner.TestNG_Runner"/>
  <testcase name="Browser_Close" time="0.573" classname="org.TestNG_Runner.TestNG_Runner"/>
</testsuite> <!-- Default test -->
