<?xml version="1.0" encoding="UTF-8"?>
<testsuite xmlns:xsi="http://www.w3.org/2001/XMLSchema-instance" xsi:noNamespaceSchemaLocation="https://maven.apache.org/surefire/maven-surefire-plugin/xsd/surefire-test-report.xsd" name="org.Test_Runner.Test_Run" time="62.985" tests="40" errors="0" skipped="0" failures="0">
  <properties>
[...]
</properties>
  <testcase name="Given user Lanuch The Applications" classname="| Advija | Advi@123 |" time="0.008"/>
  <testcase name="When user Enter The &quot;Advija&quot; In Username Field" classname="| Advija | Advi@123 |" time="0"/>
  <testcase name="And user Enter The &quot;Advi@123&quot; In Password Field" classname="| Advija | Advi@123 |" time="0"/>
  <testcase name="Then user Click The Login Button And It Navigate To The Select Hotel Page" classname="| Advija | Advi@123 |" time="0"/>
  <testcase name="| Advija | Advi@123 |" classname="| Advija | Advi@123 |" time="0"/>
  <testcase name="Given user Lanuch The Applications" classname="| Alpha | Alpha@123 |" time="0"/>
  <testcase name="When user Enter The &quot;Alpha&quot; In Username Field" classname="| Alpha | Alpha@123 |" time="0"/>
  <testcase name="And user Enter The &quot;Alpha@123&quot; In Password Field" classname="| Alpha | Alpha@123 |" time="0"/>
  <testcase name="Then user Click The Login Button And It Navigate To The Select Hotel Page" classname="| Alpha | Alpha@123 |" time="0"/>
  <testcase name="| Alpha | Alpha@123 |" classname="| Alpha | Alpha@123 |" time="0"/>
  <testcase name="Given user Lanuch The Applications" classname="| vinilakumar | vinila@123 |" time="0"/>
  <testcase name="When user Enter The &quot;vinilakumar&quot; In Username Field" classname="| vinilakumar | vinila@123 |" time="0"/>
  <testcase name="And user Enter The &quot;vinila@123&quot; In Password Field" classname="| vinilakumar | vinila@123 |" time="0"/>
  <testcase name="Then user Click The Login Button And It Navigate To The Select Hotel Page" classname="| vinilakumar | vinila@123 |" time="0"/>
  <testcase name="| vinilakumar | vinila@123 |" classname="| vinilakumar | vinila@123 |" time="0"/>
  <testcase name="When user Select The Hotel Location" classname="Scenario: Search Hotel Page" time="0"/>
  <testcase name="And user Select &quot;Hotel Hervey&quot;" classname="Scenario: Search Hotel Page" time="0"/>
  <testcase name="And user Select Room Type" classname="Scenario: Search Hotel Page" time="0"/>
  <testcase name="And user Select Number of Numbers" classname="Scenario: Search Hotel Page" time="0"/>
  <testcase name="And user Enter The Check IN Date" classname="Scenario: Search Hotel Page" time="0"/>
  <testcase name="And user Enter The Check Out Date" classname="Scenario: Search Hotel Page" time="0"/>
  <testcase name="And user Select Adult Room" classname="Scenario: Search Hotel Page" time="0"/>
  <testcase name="And User Select Child Room" classname="Scenario: Search Hotel Page" time="0"/>
  <testcase name="Then user Click Search a Hotel And Navigate To Select Hotel Page" classname="Scenario: Search Hotel Page" time="0"/>
  <testcase name="Scenario: Search Hotel Page" classname="Scenario: Search Hotel Page" time="0"/>
  <testcase name="When user Click On The Radio Button Select Hotel On Given A List" classname="Scenario: Select Hotel Page" time="0"/>
  <testcase name="Then user Click A Continue Button And Navigate To Book Hotel Page" classname="Scenario: Select Hotel Page" time="0"/>
  <testcase name="Scenario: Select Hotel Page" classname="Scenario: Select Hotel Page" time="0"/>
  <testcase name="When user Enter A First Name On The Fname Field" classname="Scenario: Book Hotel Page" time="0"/>
  <testcase name="And user Enter A Last Name On The Lname Field" classname="Scenario: Book Hotel Page" time="0"/>
  <testcase name="And user Enter A Address On The Billing Address Field" classname="Scenario: Book Hotel Page" time="0"/>
  <testcase name="And user Enter A Card Number In Credit Card No Field" classname="Scenario: Book Hotel Page" time="0.024"/>
  <testcase name="And user Select A Card Type In Card Type Field" classname="Scenario: Book Hotel Page" time="0"/>
  <testcase name="And user Select A Exprie Month In Exp Month Field" classname="Scenario: Book Hotel Page" time="0"/>
  <testcase name="And user Select A Exprie Year In Exp Year Field" classname="Scenario: Book Hotel Page" time="0"/>
  <testcase name="And user Enter A CVV No In CVV Field" classname="Scenario: Book Hotel Page" time="0"/>
  <testcase name="Then user Click A BooK Now Button And Its Navigate To Booking Confirmation Page" classname="Scenario: Book Hotel Page" time="0"/>
  <testcase name="Scenario: Book Hotel Page" classname="Scenario: Book Hotel Page" time="0"/>
  <testcase name="When user Click The My Itinerary Button And Navigate To Booked Itinerary Page" classname="Scenario: Booking Confirmation" time="0"/>
  <testcase name="Scenario: Booking Confirmation" classname="Scenario: Booking Confirmation" time="0"/>
</testsuite>